2016-04-04 00:47:09,458 - Using selector: EpollSelector
2016-04-04 00:47:11,447 - ('::1', 57166, 0, 0) created channel #/
2016-04-04 00:47:12,747 - server << Frame(fin=True, opcode=1, data=b'asldfkja')
2016-04-04 00:47:12,748 - server >> Frame(fin=True, opcode=1, data=b'asldfkja')
2016-04-04 00:47:13,342 - server << Frame(fin=True, opcode=1, data=b'lkasjdf')
2016-04-04 00:47:13,342 - server >> Frame(fin=True, opcode=1, data=b'lkasjdf')
2016-04-04 00:47:13,778 - server << Frame(fin=True, opcode=1, data=b'asdlfajs')
2016-04-04 00:47:13,779 - server >> Frame(fin=True, opcode=1, data=b'asdlfajs')
2016-04-04 00:47:14,158 - server << Frame(fin=True, opcode=1, data=b'dfkajsdfl')
2016-04-04 00:47:14,158 - server >> Frame(fin=True, opcode=1, data=b'dfkajsdfl')
2016-04-04 00:47:14,349 - server << Frame(fin=True, opcode=1, data=b'kajsd')
2016-04-04 00:47:14,349 - server >> Frame(fin=True, opcode=1, data=b'kajsd')
2016-04-04 01:36:20,168 - server << Frame(fin=True, opcode=1, data=b'fkljasfas')
2016-04-04 01:36:20,168 - server >> Frame(fin=True, opcode=1, data=b'fkljasfas')
2016-04-04 01:36:21,106 - server << Frame(fin=True, opcode=1, data=b'asfasf')
2016-04-04 01:36:21,107 - server >> Frame(fin=True, opcode=1, data=b'asfasf')
2016-04-04 01:36:24,757 - server << Frame(fin=True, opcode=1, data=b'test')
2016-04-04 01:36:24,757 - server >> Frame(fin=True, opcode=1, data=b'test')
2016-04-04 01:36:29,118 - server << Frame(fin=True, opcode=1, data=b'test')
2016-04-04 01:36:29,118 - server >> Frame(fin=True, opcode=1, data=b'test')
2016-04-04 01:39:04,682 - server << Frame(fin=True, opcode=1, data=b'asdfasdlf')
2016-04-04 01:39:04,682 - server >> Frame(fin=True, opcode=1, data=b'asdfasdlf')
2016-04-04 01:39:05,180 - server << Frame(fin=True, opcode=1, data=b'asdlfkaj')
2016-04-04 01:39:05,180 - server >> Frame(fin=True, opcode=1, data=b'asdlfkaj')
2016-04-04 01:39:05,498 - server << Frame(fin=True, opcode=1, data=b'skldfja')
2016-04-04 01:39:05,499 - server >> Frame(fin=True, opcode=1, data=b'skldfja')
2016-04-04 01:39:06,033 - server << Frame(fin=True, opcode=1, data=b'sdfjadjf')
2016-04-04 01:39:06,033 - server >> Frame(fin=True, opcode=1, data=b'sdfjadjf')
2016-04-04 01:39:06,362 - server << Frame(fin=True, opcode=1, data=b'asdjf')
2016-04-04 01:39:06,362 - server >> Frame(fin=True, opcode=1, data=b'asdjf')
2016-04-04 01:39:06,635 - server << Frame(fin=True, opcode=1, data=b'akjsdf')
2016-04-04 01:39:06,635 - server >> Frame(fin=True, opcode=1, data=b'akjsdf')
2016-04-04 01:39:06,955 - server << Frame(fin=True, opcode=1, data=b'lkajsdfl')
2016-04-04 01:39:06,956 - server >> Frame(fin=True, opcode=1, data=b'lkajsdfl')
2016-04-04 01:39:07,110 - server << Frame(fin=True, opcode=1, data=b'ja')
2016-04-04 01:39:07,111 - server >> Frame(fin=True, opcode=1, data=b'ja')
2016-04-04 01:39:07,364 - server << Frame(fin=True, opcode=1, data=b'slkdfj')
2016-04-04 01:39:07,365 - server >> Frame(fin=True, opcode=1, data=b'slkdfj')
2016-04-04 01:39:07,693 - server << Frame(fin=True, opcode=1, data=b'alskjdfl')
2016-04-04 01:39:07,694 - server >> Frame(fin=True, opcode=1, data=b'alskjdfl')
2016-04-04 01:39:08,636 - server << Frame(fin=True, opcode=1, data=b'kajsdfkljaskldfjas')
2016-04-04 01:39:08,637 - server >> Frame(fin=True, opcode=1, data=b'kajsdfkljaskldfjas')
2016-04-04 01:39:08,961 - server << Frame(fin=True, opcode=1, data=b'dfklj')
2016-04-04 01:39:08,962 - server >> Frame(fin=True, opcode=1, data=b'dfklj')
2016-04-04 01:39:09,221 - server << Frame(fin=True, opcode=1, data=b'adlkjf')
2016-04-04 01:39:09,221 - server >> Frame(fin=True, opcode=1, data=b'adlkjf')
2016-04-04 01:39:09,502 - server << Frame(fin=True, opcode=1, data=b'alkdsjf')
2016-04-04 01:39:09,502 - server >> Frame(fin=True, opcode=1, data=b'alkdsjf')
2016-04-04 01:39:09,748 - server << Frame(fin=True, opcode=1, data=b'lkasdj')
2016-04-04 01:39:09,749 - server >> Frame(fin=True, opcode=1, data=b'lkasdj')
2016-04-04 01:39:10,027 - server << Frame(fin=True, opcode=1, data=b'flkasj')
2016-04-04 01:39:10,028 - server >> Frame(fin=True, opcode=1, data=b'flkasj')
2016-04-04 01:39:10,230 - server << Frame(fin=True, opcode=1, data=b'dfklj')
2016-04-04 01:39:10,230 - server >> Frame(fin=True, opcode=1, data=b'dfklj')
2016-04-04 01:39:10,565 - server << Frame(fin=True, opcode=1, data=b'aslkdfj')
2016-04-04 01:39:10,566 - server >> Frame(fin=True, opcode=1, data=b'aslkdfj')
2016-04-04 01:39:10,849 - server << Frame(fin=True, opcode=1, data=b'alskdfj')
2016-04-04 01:39:10,850 - server >> Frame(fin=True, opcode=1, data=b'alskdfj')
2016-04-04 01:39:11,426 - server << Frame(fin=True, opcode=1, data=b'laksdjflkajsdl')
2016-04-04 01:39:11,426 - server >> Frame(fin=True, opcode=1, data=b'laksdjflkajsdl')
2016-04-04 01:39:11,651 - server << Frame(fin=True, opcode=1, data=b'kfja')
2016-04-04 01:39:11,652 - server >> Frame(fin=True, opcode=1, data=b'kfja')
2016-04-04 01:39:11,932 - server << Frame(fin=True, opcode=1, data=b'slkdfj')
2016-04-04 01:39:11,933 - server >> Frame(fin=True, opcode=1, data=b'slkdfj')
2016-04-04 01:39:12,219 - server << Frame(fin=True, opcode=1, data=b'alksdjf')
2016-04-04 01:39:12,220 - server >> Frame(fin=True, opcode=1, data=b'alksdjf')
2016-04-04 01:39:12,601 - server << Frame(fin=True, opcode=1, data=b'laksjdf')
2016-04-04 01:39:12,602 - server >> Frame(fin=True, opcode=1, data=b'laksjdf')
2016-04-04 01:39:12,895 - server << Frame(fin=True, opcode=1, data=b'')
2016-04-04 01:39:13,658 - server << Frame(fin=True, opcode=1, data=b'laskdjf')
2016-04-04 01:39:13,658 - server >> Frame(fin=True, opcode=1, data=b'laskdjf')
2016-04-04 01:39:14,433 - server << Frame(fin=True, opcode=1, data=b'lkjasdflkjals')
2016-04-04 01:39:14,433 - server >> Frame(fin=True, opcode=1, data=b'lkjasdflkjals')
2016-04-04 01:39:16,402 - server << Frame(fin=True, opcode=1, data=b'dkfjljasldfjlsajdflkj')
2016-04-04 01:39:16,402 - server >> Frame(fin=True, opcode=1, data=b'dkfjljasldfjlsajdflkj')
2016-04-04 01:39:16,686 - server << Frame(fin=True, opcode=1, data=b'alskjf')
2016-04-04 01:39:16,687 - server >> Frame(fin=True, opcode=1, data=b'alskjf')
2016-04-04 01:39:17,367 - server << Frame(fin=True, opcode=1, data=b'lkasjflkasjdfl')
2016-04-04 01:39:17,367 - server >> Frame(fin=True, opcode=1, data=b'lkasjflkasjdfl')
2016-04-04 01:39:17,603 - server << Frame(fin=True, opcode=1, data=b'ksjd')
2016-04-04 01:39:17,604 - server >> Frame(fin=True, opcode=1, data=b'ksjd')
2016-04-04 01:40:01,436 - Using selector: EpollSelector
2016-04-04 01:40:02,898 - ::1:58522 created channel #/
2016-04-04 01:40:04,339 - server << Frame(fin=True, opcode=1, data=b'tealskjd')
2016-04-04 01:40:04,340 - server >> Frame(fin=True, opcode=1, data=b'tealskjd')
2016-04-04 01:40:04,796 - server << Frame(fin=True, opcode=1, data=b'asldkfja')
2016-04-04 01:40:04,797 - server >> Frame(fin=True, opcode=1, data=b'asldkfja')
2016-04-04 01:40:05,081 - server << Frame(fin=True, opcode=1, data=b'dksfjal')
2016-04-04 01:40:05,081 - server >> Frame(fin=True, opcode=1, data=b'dksfjal')
2016-04-04 01:40:05,254 - server << Frame(fin=True, opcode=1, data=b'skjdf')
2016-04-04 01:40:05,254 - server >> Frame(fin=True, opcode=1, data=b'skjdf')
2016-04-04 01:42:32,337 - Using selector: EpollSelector
2016-04-04 01:43:06,845 - ::1:58540 created channel #root
2016-04-04 01:43:08,000 - server << Frame(fin=True, opcode=1, data=b'asldkjfa')
2016-04-04 01:43:08,001 - server >> Frame(fin=True, opcode=1, data=b'asldkjfa')
2016-04-04 01:54:09,487 - Failing the WebSocket connection: 1006 
2016-04-04 01:54:09,487 - ('::1', 58540, 0, 0) disconneced from #root
